#
# There is insufficient memory for the Java Runtime Environment to continue.
# Native memory allocation (mmap) failed to map 62914560 bytes for G1 virtual space
# Possible reasons:
#   The system is out of physical RAM or swap space
#   The process is running with CompressedOops enabled, and the Java Heap may be blocking the growth of the native heap
# Possible solutions:
#   Reduce memory load on the system
#   Increase physical memory or swap space
#   Check if swap backing store is full
#   Decrease Java heap size (-Xmx/-Xms)
#   Decrease number of Java threads
#   Decrease Java thread stack sizes (-Xss)
#   Set larger code cache with -XX:ReservedCodeCacheSize=
#   JVM is running with Unscaled Compressed Oops mode in which the Java heap is
#     placed in the first 4GB address space. The Java Heap base address is the
#     maximum limit for the native heap growth. Please use -XX:HeapBaseMinAddress
#     to set the Java Heap base and to place the Java Heap above 4GB virtual address.
# This output file may be truncated or incomplete.
#
#  Out of Memory Error (os_windows.cpp:3557), pid=6272, tid=7368
#
# JRE version:  (17.0.6+10) (build )
# Java VM: OpenJDK 64-Bit Server VM (17.0.6+10, mixed mode, sharing, tiered, compressed oops, compressed class ptrs, g1 gc, windows-amd64)
# No core dump will be written. Minidumps are not enabled by default on client versions of Windows
#

---------------  S U M M A R Y ------------

Command Line: -Dfile.encoding=UTF-8 -XX:+ShowCodeDetailsInExceptionMessages spaceInvaders.Main

Host: Intel(R) Core(TM) i5-3337U CPU @ 1.80GHz, 4 cores, 3G,  Windows 8.1 , 64 bit Build 9600 (6.3.9600.20778)
Time: Wed May 10 12:25:11 2023 Turkey Standard Time elapsed time: 0.108480 seconds (0d 0h 0m 0s)

---------------  T H R E A D  ---------------

Current thread (0x00000010a2a401b0):  JavaThread "Unknown thread" [_thread_in_vm, id=7368, stack(0x00000010a0940000,0x00000010a0a40000)]

Stack: [0x00000010a0940000,0x00000010a0a40000]
Native frames: (J=compiled Java code, j=interpreted, Vv=VM code, C=native code)
V  [jvm.dll+0x67741a]
V  [jvm.dll+0x834434]
V  [jvm.dll+0x835bde]
V  [jvm.dll+0x836243]
V  [jvm.dll+0x2457b5]
V  [jvm.dll+0x674329]
V  [jvm.dll+0x6689da]
V  [jvm.dll+0x30489b]
V  [jvm.dll+0x30bd96]
V  [jvm.dll+0x35b57e]
V  [jvm.dll+0x35b7af]
V  [jvm.dll+0x2db778]
V  [jvm.dll+0x2dc6e4]
V  [jvm.dll+0x806131]
V  [jvm.dll+0x369331]
V  [jvm.dll+0x7e56ac]
V  [jvm.dll+0x3eb35f]
V  [jvm.dll+0x3ecea1]
C  [jli.dll+0x5267]
C  [ucrtbase.DLL+0x1c1ae]
C  [KERNEL32.DLL+0x1412]
C  [ntdll.dll+0x15504]


---------------  P R O C E S S  ---------------

Threads class SMR info:
_java_thread_list=0x00007ffb02da5fd8, length=0, elements={
}

Java Threads: ( => current thread )

Other Threads:
  0x00000010a2a7d0f0 GCTaskThread "GC Thread#0" [stack: 0x00000010b71b0000,0x00000010b72b0000] [id=1128]
  0x00000010a2a85470 ConcurrentGCThread "G1 Main Marker" [stack: 0x00000010b72b0000,0x00000010b73b0000] [id=10860]
  0x00000010a2a86ab0 ConcurrentGCThread "G1 Conc#0" [stack: 0x00000010b73b0000,0x00000010b74b0000] [id=9928]

[error occurred during error reporting (printing all threads), id 0xc0000005, EXCEPTION_ACCESS_VIOLATION (0xc0000005) at pc=0x00007ffb0257c1e7]

VM state: not at safepoint (not fully initialized)

VM Mutex/Monitor currently owned by a thread:  ([mutex/lock_event])
[0x00000010a2a3d3e0] Heap_lock - owner thread: 0x00000010a2a401b0

Heap address: 0x00000000c5e00000, size: 930 MB, Compressed Oops mode: 32-bit

CDS archive(s) mapped at: [0x0000000000000000-0x0000000000000000-0x0000000000000000), size 0, SharedBaseAddress: 0x0000000800000000, ArchiveRelocationMode: 0.
Narrow klass base: 0x0000000000000000, Narrow klass shift: 0, Narrow klass range: 0x0

GC Precious Log:
<Empty>

Heap:
 garbage-first heap   total 0K, used 0K [0x00000000c5e00000, 0x0000000100000000)
  region size 1024K, 0 young (0K), 0 survivors (0K)

[error occurred during error reporting (printing heap information), id 0xc0000005, EXCEPTION_ACCESS_VIOLATION (0xc0000005) at pc=0x00007ffb029606f9]

GC Heap History (0 events):
No events

Dll operation events (1 events):
Event: 0.055 Loaded shared library C:\Users\Ali Emir\.p2\pool\plugins\org.eclipse.justj.openjdk.hotspot.jre.full.win32.x86_64_17.0.6.v20230204-1729\jre\bin\java.dll

Deoptimization events (0 events):
No events

Classes unloaded (0 events):
No events

Classes redefined (0 events):
No events

Internal exceptions (0 events):
No events

VM Operations (0 events):
No events

Events (0 events):
No events


Dynamic libraries:
0x00007ff78b800000 - 0x00007ff78b80e000 	C:\Users\Ali Emir\.p2\pool\plugins\org.eclipse.justj.openjdk.hotspot.jre.full.win32.x86_64_17.0.6.v20230204-1729\jre\bin\javaw.exe
0x00007ffb4ae40000 - 0x00007ffb4afed000 	C:\WINDOWS\SYSTEM32\ntdll.dll
0x00007ffb49550000 - 0x00007ffb4968f000 	C:\WINDOWS\system32\KERNEL32.DLL
0x00007ffb48340000 - 0x00007ffb48454000 	C:\WINDOWS\system32\KERNELBASE.dll
0x00007ffb3dfc0000 - 0x00007ffb3dfd7000 	C:\Users\Ali Emir\.p2\pool\plugins\org.eclipse.justj.openjdk.hotspot.jre.full.win32.x86_64_17.0.6.v20230204-1729\jre\bin\jli.dll
0x00007ffb3de40000 - 0x00007ffb3de59000 	C:\Users\Ali Emir\.p2\pool\plugins\org.eclipse.justj.openjdk.hotspot.jre.full.win32.x86_64_17.0.6.v20230204-1729\jre\bin\VCRUNTIME140.dll
0x00007ffb445d0000 - 0x00007ffb445d4000 	C:\Users\Ali Emir\.p2\pool\plugins\org.eclipse.justj.openjdk.hotspot.jre.full.win32.x86_64_17.0.6.v20230204-1729\jre\bin\api-ms-win-crt-stdio-l1-1-0.dll
0x00007ffb43810000 - 0x00007ffb43814000 	C:\Users\Ali Emir\.p2\pool\plugins\org.eclipse.justj.openjdk.hotspot.jre.full.win32.x86_64_17.0.6.v20230204-1729\jre\bin\api-ms-win-crt-runtime-l1-1-0.dll
0x00007ffb3ca00000 - 0x00007ffb3ca03000 	C:\Users\Ali Emir\.p2\pool\plugins\org.eclipse.justj.openjdk.hotspot.jre.full.win32.x86_64_17.0.6.v20230204-1729\jre\bin\api-ms-win-crt-environment-l1-1-0.dll
0x00007ffb3a1d0000 - 0x00007ffb3a1d5000 	C:\Users\Ali Emir\.p2\pool\plugins\org.eclipse.justj.openjdk.hotspot.jre.full.win32.x86_64_17.0.6.v20230204-1729\jre\bin\api-ms-win-crt-math-l1-1-0.dll
0x00007ffb3a130000 - 0x00007ffb3a133000 	C:\Users\Ali Emir\.p2\pool\plugins\org.eclipse.justj.openjdk.hotspot.jre.full.win32.x86_64_17.0.6.v20230204-1729\jre\bin\api-ms-win-crt-locale-l1-1-0.dll
0x00007ffb36270000 - 0x00007ffb36273000 	C:\Users\Ali Emir\.p2\pool\plugins\org.eclipse.justj.openjdk.hotspot.jre.full.win32.x86_64_17.0.6.v20230204-1729\jre\bin\api-ms-win-crt-heap-l1-1-0.dll
0x00007ffb44fc0000 - 0x00007ffb4523b000 	C:\WINDOWS\WinSxS\amd64_microsoft.windows.common-controls_6595b64144ccf1df_6.0.9600.19394_none_62486577ecb635cf\COMCTL32.dll
0x00007ffb48b30000 - 0x00007ffb48ca7000 	C:\WINDOWS\system32\USER32.dll
0x00007ffb35680000 - 0x00007ffb35683000 	C:\Users\Ali Emir\.p2\pool\plugins\org.eclipse.justj.openjdk.hotspot.jre.full.win32.x86_64_17.0.6.v20230204-1729\jre\bin\api-ms-win-crt-filesystem-l1-1-0.dll
0x00007ffb35640000 - 0x00007ffb35644000 	C:\Users\Ali Emir\.p2\pool\plugins\org.eclipse.justj.openjdk.hotspot.jre.full.win32.x86_64_17.0.6.v20230204-1729\jre\bin\api-ms-win-crt-string-l1-1-0.dll
0x00007ffb35500000 - 0x00007ffb35504000 	C:\Users\Ali Emir\.p2\pool\plugins\org.eclipse.justj.openjdk.hotspot.jre.full.win32.x86_64_17.0.6.v20230204-1729\jre\bin\api-ms-win-crt-convert-l1-1-0.dll
0x00007ffb4ad30000 - 0x00007ffb4adda000 	C:\WINDOWS\system32\msvcrt.dll
0x00007ffb489e0000 - 0x00007ffb48b2f000 	C:\WINDOWS\system32\GDI32.dll
0x00007ffb34e50000 - 0x00007ffb34f4a000 	C:\Users\Ali Emir\.p2\pool\plugins\org.eclipse.justj.openjdk.hotspot.jre.full.win32.x86_64_17.0.6.v20230204-1729\jre\bin\ucrtbase.DLL
0x00007ffb4ac00000 - 0x00007ffb4ac36000 	C:\WINDOWS\system32\IMM32.DLL
0x00007ffb48d60000 - 0x00007ffb48eb1000 	C:\WINDOWS\system32\MSCTF.dll
0x00007ffb354f0000 - 0x00007ffb354fc000 	C:\Users\Ali Emir\.p2\pool\plugins\org.eclipse.justj.openjdk.hotspot.jre.full.win32.x86_64_17.0.6.v20230204-1729\jre\bin\vcruntime140_1.dll
0x00007ffb34b30000 - 0x00007ffb34bc1000 	C:\Users\Ali Emir\.p2\pool\plugins\org.eclipse.justj.openjdk.hotspot.jre.full.win32.x86_64_17.0.6.v20230204-1729\jre\bin\msvcp140.dll
0x00007ffb354e0000 - 0x00007ffb354e3000 	C:\Users\Ali Emir\.p2\pool\plugins\org.eclipse.justj.openjdk.hotspot.jre.full.win32.x86_64_17.0.6.v20230204-1729\jre\bin\api-ms-win-crt-time-l1-1-0.dll
0x00007ffb354d0000 - 0x00007ffb354d3000 	C:\Users\Ali Emir\.p2\pool\plugins\org.eclipse.justj.openjdk.hotspot.jre.full.win32.x86_64_17.0.6.v20230204-1729\jre\bin\api-ms-win-crt-utility-l1-1-0.dll
0x00007ffb02290000 - 0x00007ffb02ed7000 	C:\Users\Ali Emir\.p2\pool\plugins\org.eclipse.justj.openjdk.hotspot.jre.full.win32.x86_64_17.0.6.v20230204-1729\jre\bin\server\jvm.dll
0x00007ffb48cb0000 - 0x00007ffb48d5d000 	C:\WINDOWS\system32\ADVAPI32.dll
0x00007ffb26160000 - 0x00007ffb26169000 	C:\WINDOWS\SYSTEM32\WSOCK32.dll
0x00007ffb2d560000 - 0x00007ffb2d582000 	C:\WINDOWS\SYSTEM32\WINMM.dll
0x00007ffb41830000 - 0x00007ffb4183a000 	C:\WINDOWS\SYSTEM32\VERSION.dll
0x00007ffb49080000 - 0x00007ffb490db000 	C:\WINDOWS\SYSTEM32\sechost.dll
0x00007ffb487e0000 - 0x00007ffb48915000 	C:\WINDOWS\system32\RPCRT4.dll
0x00007ffb4ade0000 - 0x00007ffb4ae3a000 	C:\WINDOWS\system32\WS2_32.dll
0x00007ffb2d530000 - 0x00007ffb2d55a000 	C:\WINDOWS\SYSTEM32\WINMMBASE.dll
0x00007ffb48310000 - 0x00007ffb4833e000 	C:\WINDOWS\system32\SspiCli.dll
0x00007ffb49690000 - 0x00007ffb49699000 	C:\WINDOWS\system32\NSI.dll
0x00007ffb47fb0000 - 0x00007ffb47fff000 	C:\WINDOWS\SYSTEM32\cfgmgr32.dll
0x00007ffb46d00000 - 0x00007ffb46d28000 	C:\WINDOWS\SYSTEM32\DEVOBJ.dll
0x00007ffb44690000 - 0x00007ffb4469a000 	C:\Users\Ali Emir\.p2\pool\plugins\org.eclipse.justj.openjdk.hotspot.jre.full.win32.x86_64_17.0.6.v20230204-1729\jre\bin\jimage.dll
0x00007ffb3dfe0000 - 0x00007ffb3e16a000 	C:\WINDOWS\SYSTEM32\DBGHELP.DLL
0x00007ffb350a0000 - 0x00007ffb350c5000 	C:\Users\Ali Emir\.p2\pool\plugins\org.eclipse.justj.openjdk.hotspot.jre.full.win32.x86_64_17.0.6.v20230204-1729\jre\bin\java.dll

dbghelp: loaded successfully - version: 4.0.5 - missing functions: none
symbol engine: initialized successfully - sym options: 0x614 - pdb path: .;C:\Users\Ali Emir\.p2\pool\plugins\org.eclipse.justj.openjdk.hotspot.jre.full.win32.x86_64_17.0.6.v20230204-1729\jre\bin;C:\WINDOWS\SYSTEM32;C:\WINDOWS\WinSxS\amd64_microsoft.windows.common-controls_6595b64144ccf1df_6.0.9600.19394_none_62486577ecb635cf;C:\Users\Ali Emir\.p2\pool\plugins\org.eclipse.justj.openjdk.hotspot.jre.full.win32.x86_64_17.0.6.v20230204-1729\jre\bin\server

VM Arguments:
jvm_args: -Dfile.encoding=UTF-8 -XX:+ShowCodeDetailsInExceptionMessages 
java_command: spaceInvaders.Main
java_class_path (initial): C:\Users\Ali Emir\Term Project\spaceInvaders\bin
Launcher Type: SUN_STANDARD

[Global flags]
     intx CICompilerCount                          = 3                                         {product} {ergonomic}
     uint ConcGCThreads                            = 1                                         {product} {ergonomic}
     uint G1ConcRefinementThreads                  = 4                                         {product} {ergonomic}
   size_t G1HeapRegionSize                         = 1048576                                   {product} {ergonomic}
    uintx GCDrainStackTargetSize                   = 64                                        {product} {ergonomic}
   size_t InitialHeapSize                          = 62914560                                  {product} {ergonomic}
   size_t MarkStackSize                            = 4194304                                   {product} {ergonomic}
   size_t MaxHeapSize                              = 975175680                                 {product} {ergonomic}
   size_t MinHeapDeltaBytes                        = 1048576                                   {product} {ergonomic}
   size_t MinHeapSize                              = 8388608                                   {product} {ergonomic}
    uintx NonNMethodCodeHeapSize                   = 5832780                                {pd product} {ergonomic}
    uintx NonProfiledCodeHeapSize                  = 122912730                              {pd product} {ergonomic}
    uintx ProfiledCodeHeapSize                     = 122912730                              {pd product} {ergonomic}
    uintx ReservedCodeCacheSize                    = 251658240                              {pd product} {ergonomic}
     bool SegmentedCodeCache                       = true                                      {product} {ergonomic}
     bool ShowCodeDetailsInExceptionMessages       = true                                   {manageable} {command line}
   size_t SoftMaxHeapSize                          = 975175680                              {manageable} {ergonomic}
     bool UseCompressedClassPointers               = true                           {product lp64_product} {ergonomic}
     bool UseCompressedOops                        = true                           {product lp64_product} {ergonomic}
     bool UseG1GC                                  = true                                      {product} {ergonomic}
     bool UseLargePagesIndividualAllocation        = false                                  {pd product} {ergonomic}

Logging:
Log output configuration:
 #0: stdout all=warning uptime,level,tags
 #1: stderr all=off uptime,level,tags

Environment Variables:
PATH=C:/Users/Ali Emir/.p2/pool/plugins/org.eclipse.justj.openjdk.hotspot.jre.full.win32.x86_64_17.0.6.v20230204-1729/jre/bin/server;C:/Users/Ali Emir/.p2/pool/plugins/org.eclipse.justj.openjdk.hotspot.jre.full.win32.x86_64_17.0.6.v20230204-1729/jre/bin;C:\ProgramData\Oracle\Java\javapath;C:\Program Files (x86)\Intel\iCLS Client\;C:\Program Files\Intel\iCLS Client\;C:\WINDOWS\system32;C:\WINDOWS;C:\WINDOWS\System32\Wbem;C:\WINDOWS\System32\WindowsPowerShell\v1.0\;C:\Program Files\Intel\Intel(R) Management Engine Components\DAL;C:\Program Files\Intel\Intel(R) Management Engine Components\IPT;C:\Program Files (x86)\Intel\Intel(R) Management Engine Components\DAL;C:\Program Files (x86)\Intel\Intel(R) Management Engine Components\IPT;C:\Program Files (x86)\Intel\OpenCL SDK\2.0\bin\x86;C:\Program Files (x86)\Intel\OpenCL SDK\2.0\bin\x64;C:\Program Files (x86)\Windows Live\Shared;C:\Program Files\Java\jdk1.8.0_162\bin;C:\Program Files (x86)\Brackets\command:C:\Users\Ali Emir\AppData\Local\Programs\Python:C:\Users\Ali Emir\AppData\Local\Programs\Python\Python39\Scripts;C:\Program Files\dotnet\;C:\Program Files\Microsoft SQL Server\130\Tools\Binn\;C:\Users\Ali Emir\.dotnet\tools;C:\Users\Ali Emir\AppData\Local\atom\bin:C:\Users\Ali Emir\AppData\Local\Programs\Python:C:\Users\Ali Emir\AppData\Local\Programs\Python\Python39\Scripts;C:\Users\Ali Emir\.dotnet\tools;C:\Users\Ali Emir\AppData\Local\atom\bin;C:\Users\Ali Emir\Desktop;
USERNAME=Ali Emir
OS=Windows_NT
PROCESSOR_IDENTIFIER=Intel64 Family 6 Model 58 Stepping 9, GenuineIntel
TMP=C:\Users\ALIEMI~1\AppData\Local\Temp
TEMP=C:\Users\ALIEMI~1\AppData\Local\Temp



---------------  S Y S T E M  ---------------

OS:
 Windows 8.1 , 64 bit Build 9600 (6.3.9600.20778)
OS uptime: 13 days 0:10 hours

CPU: total 4 (initial active 4) (2 cores per cpu, 2 threads per core) family 6 model 58 stepping 9 microcode 0x1b, cx8, cmov, fxsr, ht, mmx, sse, sse2, sse3, ssse3, sse4.1, sse4.2, popcnt, tsc, tscinvbit, avx, erms, clmul, vzeroupper, clflush

Memory: 4k page, system-wide physical 3717M (214M free)
TotalPageFile size 6789M (AvailPageFile size 44M)
current process WorkingSet (physical memory assigned to process): 9M, peak: 9M
current process commit charge ("private bytes"): 51M, peak: 111M

vm_info: OpenJDK 64-Bit Server VM (17.0.6+10) for windows-amd64 JRE (17.0.6+10), built on Jan 18 2023 10:08:59 by "temurin" with MS VC++ 16.7 (VS2019)

END.
